<?xml version="1.0" encoding="UTF-8"?><testsuite errors="0" failures="1" name="Academy choucair" skipped="0" tests="1" time="34.25" timestamp="2021-02-11 10:28:17"><testcase name="search for a automation course"><failure message="Expected enabled element was not enabled" type="net.thucydides.core.webdriver.exceptions.ElementShouldBeEnabledException">Expected enabled element was not enabled</failure><system-err>Expected enabled element was not enabled&#13;
tasks.Search.performAs(Search.java:24)&#13;
co.com.choucair.certification.edison.stepdefinitions.ChoucairAcademyStepDefinitions.heSearchForTheCourseRecursosAutomatizacionBancolombiaOnTheChoucairAcademyPlatform(ChoucairAcademyStepDefinitions.java:34)&#13;
cucumber.runner.Runner.runPickle(Runner.java:80)&#13;
</system-err></testcase></testsuite>